#
# There is insufficient memory for the Java Runtime Environment to continue.
# Native memory allocation (mmap) failed to map 65536 bytes for Failed to commit metaspace.
# Possible reasons:
#   The system is out of physical RAM or swap space
#   The process is running with CompressedOops enabled, and the Java Heap may be blocking the growth of the native heap
# Possible solutions:
#   Reduce memory load on the system
#   Increase physical memory or swap space
#   Check if swap backing store is full
#   Decrease Java heap size (-Xmx/-Xms)
#   Decrease number of Java threads
#   Decrease Java thread stack sizes (-Xss)
#   Set larger code cache with -XX:ReservedCodeCacheSize=
#   JVM is running with Zero Based Compressed Oops mode in which the Java heap is
#     placed in the first 32GB address space. The Java Heap base address is the
#     maximum limit for the native heap growth. Please use -XX:HeapBaseMinAddress
#     to set the Java Heap base and to place the Java Heap above 32GB virtual address.
# This output file may be truncated or incomplete.
#
#  Out of Memory Error (virtualSpaceNode.cpp:110), pid=10904, tid=11756
#
# JRE version: Java(TM) SE Runtime Environment (17.0.7+8) (build 17.0.7+8-LTS-224)
# Java VM: Java HotSpot(TM) 64-Bit Server VM (17.0.7+8-LTS-224, mixed mode, emulated-client, sharing, tiered, compressed oops, compressed class ptrs, g1 gc, windows-amd64)
# No core dump will be written. Minidumps are not enabled by default on client versions of Windows
#

---------------  S U M M A R Y ------------

Command Line: -XX:TieredStopAtLevel=1 -Dspring.output.ansi.enabled=always -Dcom.sun.management.jmxremote -Dspring.jmx.enabled=true -Dspring.liveBeansView.mbeanDomain -Dspring.application.admin.enabled=true -Dmanagement.endpoints.jmx.exposure.include=* -javaagent:C:\Users\Administrator\AppData\Local\JetBrains\Toolbox\apps\IDEA-U\ch-0\231.9161.38\lib\idea_rt.jar=60667:C:\Users\Administrator\AppData\Local\JetBrains\Toolbox\apps\IDEA-U\ch-0\231.9161.38\bin -Dfile.encoding=UTF-8 com.example.demo.DemoApplication

Host: 13th Gen Intel(R) Core(TM) i7-1355U, 12 cores, 15G,  Windows 10 , 64 bit Build 19041 (10.0.19041.3155)
Time: Fri Aug 25 09:40:00 2023  Windows 10 , 64 bit Build 19041 (10.0.19041.3155) elapsed time: 0.752966 seconds (0d 0h 0m 0s)

---------------  T H R E A D  ---------------

Current thread (0x000002906f798860):  JavaThread "main" [_thread_in_vm, id=11756, stack(0x00000095c1200000,0x00000095c1300000)]

Stack: [0x00000095c1200000,0x00000095c1300000]
Native frames: (J=compiled Java code, j=interpreted, Vv=VM code, C=native code)
V  [jvm.dll+0x676a4a]
V  [jvm.dll+0x7d74f4]
V  [jvm.dll+0x7d8c9e]
V  [jvm.dll+0x7d9303]
V  [jvm.dll+0x2452c5]
V  [jvm.dll+0x7d35fb]
V  [jvm.dll+0x61ca36]
V  [jvm.dll+0x61ca9a]
V  [jvm.dll+0x61f2bd]
V  [jvm.dll+0x61d3f6]
V  [jvm.dll+0x239a0f]
V  [jvm.dll+0x6270b5]
V  [jvm.dll+0x1e96ad]
V  [jvm.dll+0x1e9c75]
V  [jvm.dll+0x1ea5bb]
V  [jvm.dll+0x1dfdc1]
V  [jvm.dll+0x53cf0c]
V  [jvm.dll+0x1f06da]
V  [jvm.dll+0x75156d]
V  [jvm.dll+0x752953]
V  [jvm.dll+0x7530e5]
V  [jvm.dll+0x1ea9e1]
V  [jvm.dll+0x1dfdda]
V  [jvm.dll+0x53cf0c]
V  [jvm.dll+0x1f06da]
V  [jvm.dll+0x75156d]
V  [jvm.dll+0x752953]
V  [jvm.dll+0x752c88]
V  [jvm.dll+0x23d78b]
V  [jvm.dll+0x37cdde]
C  0x0000029076fa9ad7

Java frames: (J=compiled Java code, j=interpreted, Vv=VM code)
j  java.lang.StackStreamFactory$StackFrameTraverser.initFrameBuffer()V+1 java.base@17.0.7
j  java.lang.StackStreamFactory$AbstractStackWalker.beginStackWalk()Ljava/lang/Object;+1 java.base@17.0.7
j  java.lang.StackStreamFactory$AbstractStackWalker.walk()Ljava/lang/Object;+8 java.base@17.0.7
j  java.lang.StackWalker.walk(Ljava/util/function/Function;)Ljava/lang/Object;+10 java.base@17.0.7
j  org.springframework.boot.SpringApplication.deduceMainApplicationClass()Ljava/lang/Class;+12
j  org.springframework.boot.SpringApplication.<init>(Lorg/springframework/core/io/ResourceLoader;[Ljava/lang/Class;)V+150
j  org.springframework.boot.SpringApplication.<init>([Ljava/lang/Class;)V+3
j  org.springframework.boot.SpringApplication.run([Ljava/lang/Class;[Ljava/lang/String;)Lorg/springframework/context/ConfigurableApplicationContext;+5
j  org.springframework.boot.SpringApplication.run(Ljava/lang/Class;[Ljava/lang/String;)Lorg/springframework/context/ConfigurableApplicationContext;+9
j  com.example.demo.DemoApplication.main([Ljava/lang/String;)V+3
v  ~StubRoutines::call_stub

---------------  P R O C E S S  ---------------

Threads class SMR info:
_java_thread_list=0x0000029007548980, length=16, elements={
0x000002906f798860, 0x000002907fba2060, 0x000002907fba2ed0, 0x00000290065b73c0,
0x00000290065ba140, 0x00000290065bbf00, 0x00000290065c0dc0, 0x00000290065c1770,
0x00000290065c3170, 0x000002900661ff50, 0x000002900669bb10, 0x000002900669c020,
0x000002900669c930, 0x0000029006900e80, 0x0000029006905720, 0x000002900758b9b0
}

Java Threads: ( => current thread )
=>0x000002906f798860 JavaThread "main" [_thread_in_vm, id=11756, stack(0x00000095c1200000,0x00000095c1300000)]
  0x000002907fba2060 JavaThread "Reference Handler" daemon [_thread_blocked, id=21452, stack(0x00000095c1900000,0x00000095c1a00000)]
  0x000002907fba2ed0 JavaThread "Finalizer" daemon [_thread_blocked, id=7260, stack(0x00000095c1a00000,0x00000095c1b00000)]
  0x00000290065b73c0 JavaThread "Signal Dispatcher" daemon [_thread_blocked, id=15480, stack(0x00000095c1b00000,0x00000095c1c00000)]
  0x00000290065ba140 JavaThread "Attach Listener" daemon [_thread_blocked, id=20024, stack(0x00000095c1c00000,0x00000095c1d00000)]
  0x00000290065bbf00 JavaThread "Service Thread" daemon [_thread_blocked, id=8656, stack(0x00000095c1d00000,0x00000095c1e00000)]
  0x00000290065c0dc0 JavaThread "Monitor Deflation Thread" daemon [_thread_blocked, id=9256, stack(0x00000095c1e00000,0x00000095c1f00000)]
  0x00000290065c1770 JavaThread "C1 CompilerThread0" daemon [_thread_blocked, id=1716, stack(0x00000095c1f00000,0x00000095c2000000)]
  0x00000290065c3170 JavaThread "Sweeper thread" daemon [_thread_blocked, id=20516, stack(0x00000095c2000000,0x00000095c2100000)]
  0x000002900661ff50 JavaThread "Common-Cleaner" daemon [_thread_blocked, id=16268, stack(0x00000095c2100000,0x00000095c2200000)]
  0x000002900669bb10 JavaThread "C1 CompilerThread1" daemon [_thread_blocked, id=4064, stack(0x00000095c2200000,0x00000095c2300000)]
  0x000002900669c020 JavaThread "C1 CompilerThread2" daemon [_thread_blocked, id=24232, stack(0x00000095c2300000,0x00000095c2400000)]
  0x000002900669c930 JavaThread "C1 CompilerThread3" daemon [_thread_blocked, id=18392, stack(0x00000095c2400000,0x00000095c2500000)]
  0x0000029006900e80 JavaThread "Monitor Ctrl-Break" daemon [_thread_in_native, id=4044, stack(0x00000095c2500000,0x00000095c2600000)]
  0x0000029006905720 JavaThread "Notification Thread" daemon [_thread_blocked, id=21160, stack(0x00000095c2600000,0x00000095c2700000)]
  0x000002900758b9b0 JavaThread "RMI TCP Accept-0" daemon [_thread_in_native, id=23752, stack(0x00000095c2700000,0x00000095c2800000)]

Other Threads:
  0x000002907fb9ec80 VMThread "VM Thread" [stack: 0x00000095c1800000,0x00000095c1900000] [id=22756]
  0x000002907fa062e0 WatcherThread [stack: 0x00000095c2800000,0x00000095c2900000] [id=7752]
  0x000002906f7de8d0 GCTaskThread "GC Thread#0" [stack: 0x00000095c1300000,0x00000095c1400000] [id=7072]
  0x000002907f9f5410 ConcurrentGCThread "G1 Main Marker" [stack: 0x00000095c1400000,0x00000095c1500000] [id=14756]
  0x000002907f9f73e0 ConcurrentGCThread "G1 Conc#0" [stack: 0x00000095c1500000,0x00000095c1600000] [id=23756]
  0x000002907fad6c20 ConcurrentGCThread "G1 Refine#0" [stack: 0x00000095c1600000,0x00000095c1700000] [id=20996]
  0x000002907fad7640 ConcurrentGCThread "G1 Service" [stack: 0x00000095c1700000,0x00000095c1800000] [id=23392]

Threads with active compile tasks:

VM state: not at safepoint (normal execution)

VM Mutex/Monitor currently owned by a thread:  ([mutex/lock_event])
[0x000002906f792200] Metaspace_lock - owner thread: 0x000002906f798860

Heap address: 0x0000000704c00000, size: 4020 MB, Compressed Oops mode: Zero based, Oop shift amount: 3

CDS archive(s) mapped at: [0x0000000800000000-0x0000000800bd0000-0x0000000800bd0000), size 12386304, SharedBaseAddress: 0x0000000800000000, ArchiveRelocationMode: 0.
Compressed class space mapped at: 0x0000000800c00000-0x0000000840c00000, reserved size: 1073741824
Narrow klass base: 0x0000000800000000, Narrow klass shift: 0, Narrow klass range: 0x100000000

GC Precious Log:
 CPUs: 12 total, 12 available
 Memory: 16075M
 Large Page Support: Disabled
 NUMA Support: Disabled
 Compressed Oops: Enabled (Zero based)
 Heap Region Size: 2M
 Heap Min Capacity: 8M
 Heap Initial Capacity: 252M
 Heap Max Capacity: 4020M
 Pre-touch: Disabled
 Parallel Workers: 10
 Concurrent Workers: 3
 Concurrent Refinement Workers: 10
 Periodic GC: Disabled

Heap:
 garbage-first heap   total 258048K, used 18432K [0x0000000704c00000, 0x0000000800000000)
  region size 2048K, 10 young (20480K), 0 survivors (0K)
 Metaspace       used 6523K, committed 6656K, reserved 1056768K
  class space    used 819K, committed 896K, reserved 1048576K

Heap Regions: E=young(eden), S=young(survivor), O=old, HS=humongous(starts), HC=humongous(continues), CS=collection set, F=free, OA=open archive, CA=closed archive, TAMS=top-at-mark-start (previous, next)
|   0|0x0000000704c00000, 0x0000000704c00000, 0x0000000704e00000|  0%| F|  |TAMS 0x0000000704c00000, 0x0000000704c00000| Untracked 
|   1|0x0000000704e00000, 0x0000000704e00000, 0x0000000705000000|  0%| F|  |TAMS 0x0000000704e00000, 0x0000000704e00000| Untracked 
|   2|0x0000000705000000, 0x0000000705000000, 0x0000000705200000|  0%| F|  |TAMS 0x0000000705000000, 0x0000000705000000| Untracked 
|   3|0x0000000705200000, 0x0000000705200000, 0x0000000705400000|  0%| F|  |TAMS 0x0000000705200000, 0x0000000705200000| Untracked 
|   4|0x0000000705400000, 0x0000000705400000, 0x0000000705600000|  0%| F|  |TAMS 0x0000000705400000, 0x0000000705400000| Untracked 
|   5|0x0000000705600000, 0x0000000705600000, 0x0000000705800000|  0%| F|  |TAMS 0x0000000705600000, 0x0000000705600000| Untracked 
|   6|0x0000000705800000, 0x0000000705800000, 0x0000000705a00000|  0%| F|  |TAMS 0x0000000705800000, 0x0000000705800000| Untracked 
|   7|0x0000000705a00000, 0x0000000705a00000, 0x0000000705c00000|  0%| F|  |TAMS 0x0000000705a00000, 0x0000000705a00000| Untracked 
|   8|0x0000000705c00000, 0x0000000705c00000, 0x0000000705e00000|  0%| F|  |TAMS 0x0000000705c00000, 0x0000000705c00000| Untracked 
|   9|0x0000000705e00000, 0x0000000705e00000, 0x0000000706000000|  0%| F|  |TAMS 0x0000000705e00000, 0x0000000705e00000| Untracked 
|  10|0x0000000706000000, 0x0000000706000000, 0x0000000706200000|  0%| F|  |TAMS 0x0000000706000000, 0x0000000706000000| Untracked 
|  11|0x0000000706200000, 0x0000000706200000, 0x0000000706400000|  0%| F|  |TAMS 0x0000000706200000, 0x0000000706200000| Untracked 
|  12|0x0000000706400000, 0x0000000706400000, 0x0000000706600000|  0%| F|  |TAMS 0x0000000706400000, 0x0000000706400000| Untracked 
|  13|0x0000000706600000, 0x0000000706600000, 0x0000000706800000|  0%| F|  |TAMS 0x0000000706600000, 0x0000000706600000| Untracked 
|  14|0x0000000706800000, 0x0000000706800000, 0x0000000706a00000|  0%| F|  |TAMS 0x0000000706800000, 0x0000000706800000| Untracked 
|  15|0x0000000706a00000, 0x0000000706a00000, 0x0000000706c00000|  0%| F|  |TAMS 0x0000000706a00000, 0x0000000706a00000| Untracked 
|  16|0x0000000706c00000, 0x0000000706c00000, 0x0000000706e00000|  0%| F|  |TAMS 0x0000000706c00000, 0x0000000706c00000| Untracked 
|  17|0x0000000706e00000, 0x0000000706e00000, 0x0000000707000000|  0%| F|  |TAMS 0x0000000706e00000, 0x0000000706e00000| Untracked 
|  18|0x0000000707000000, 0x0000000707000000, 0x0000000707200000|  0%| F|  |TAMS 0x0000000707000000, 0x0000000707000000| Untracked 
|  19|0x0000000707200000, 0x0000000707200000, 0x0000000707400000|  0%| F|  |TAMS 0x0000000707200000, 0x0000000707200000| Untracked 
|  20|0x0000000707400000, 0x0000000707400000, 0x0000000707600000|  0%| F|  |TAMS 0x0000000707400000, 0x0000000707400000| Untracked 
|  21|0x0000000707600000, 0x0000000707600000, 0x0000000707800000|  0%| F|  |TAMS 0x0000000707600000, 0x0000000707600000| Untracked 
|  22|0x0000000707800000, 0x0000000707800000, 0x0000000707a00000|  0%| F|  |TAMS 0x0000000707800000, 0x0000000707800000| Untracked 
|  23|0x0000000707a00000, 0x0000000707a00000, 0x0000000707c00000|  0%| F|  |TAMS 0x0000000707a00000, 0x0000000707a00000| Untracked 
|  24|0x0000000707c00000, 0x0000000707c00000, 0x0000000707e00000|  0%| F|  |TAMS 0x0000000707c00000, 0x0000000707c00000| Untracked 
|  25|0x0000000707e00000, 0x0000000707e00000, 0x0000000708000000|  0%| F|  |TAMS 0x0000000707e00000, 0x0000000707e00000| Untracked 
|  26|0x0000000708000000, 0x0000000708000000, 0x0000000708200000|  0%| F|  |TAMS 0x0000000708000000, 0x0000000708000000| Untracked 
|  27|0x0000000708200000, 0x0000000708200000, 0x0000000708400000|  0%| F|  |TAMS 0x0000000708200000, 0x0000000708200000| Untracked 
|  28|0x0000000708400000, 0x0000000708400000, 0x0000000708600000|  0%| F|  |TAMS 0x0000000708400000, 0x0000000708400000| Untracked 
|  29|0x0000000708600000, 0x0000000708600000, 0x0000000708800000|  0%| F|  |TAMS 0x0000000708600000, 0x0000000708600000| Untracked 
|  30|0x0000000708800000, 0x0000000708800000, 0x0000000708a00000|  0%| F|  |TAMS 0x0000000708800000, 0x0000000708800000| Untracked 
|  31|0x0000000708a00000, 0x0000000708a00000, 0x0000000708c00000|  0%| F|  |TAMS 0x0000000708a00000, 0x0000000708a00000| Untracked 
|  32|0x0000000708c00000, 0x0000000708c00000, 0x0000000708e00000|  0%| F|  |TAMS 0x0000000708c00000, 0x0000000708c00000| Untracked 
|  33|0x0000000708e00000, 0x0000000708e00000, 0x0000000709000000|  0%| F|  |TAMS 0x0000000708e00000, 0x0000000708e00000| Untracked 
|  34|0x0000000709000000, 0x0000000709000000, 0x0000000709200000|  0%| F|  |TAMS 0x0000000709000000, 0x0000000709000000| Untracked 
|  35|0x0000000709200000, 0x0000000709200000, 0x0000000709400000|  0%| F|  |TAMS 0x0000000709200000, 0x0000000709200000| Untracked 
|  36|0x0000000709400000, 0x0000000709400000, 0x0000000709600000|  0%| F|  |TAMS 0x0000000709400000, 0x0000000709400000| Untracked 
|  37|0x0000000709600000, 0x0000000709600000, 0x0000000709800000|  0%| F|  |TAMS 0x0000000709600000, 0x0000000709600000| Untracked 
|  38|0x0000000709800000, 0x0000000709800000, 0x0000000709a00000|  0%| F|  |TAMS 0x0000000709800000, 0x0000000709800000| Untracked 
|  39|0x0000000709a00000, 0x0000000709a00000, 0x0000000709c00000|  0%| F|  |TAMS 0x0000000709a00000, 0x0000000709a00000| Untracked 
|  40|0x0000000709c00000, 0x0000000709c00000, 0x0000000709e00000|  0%| F|  |TAMS 0x0000000709c00000, 0x0000000709c00000| Untracked 
|  41|0x0000000709e00000, 0x0000000709e00000, 0x000000070a000000|  0%| F|  |TAMS 0x0000000709e00000, 0x0000000709e00000| Untracked 
|  42|0x000000070a000000, 0x000000070a000000, 0x000000070a200000|  0%| F|  |TAMS 0x000000070a000000, 0x000000070a000000| Untracked 
|  43|0x000000070a200000, 0x000000070a200000, 0x000000070a400000|  0%| F|  |TAMS 0x000000070a200000, 0x000000070a200000| Untracked 
|  44|0x000000070a400000, 0x000000070a400000, 0x000000070a600000|  0%| F|  |TAMS 0x000000070a400000, 0x000000070a400000| Untracked 
|  45|0x000000070a600000, 0x000000070a600000, 0x000000070a800000|  0%| F|  |TAMS 0x000000070a600000, 0x000000070a600000| Untracked 
|  46|0x000000070a800000, 0x000000070a800000, 0x000000070aa00000|  0%| F|  |TAMS 0x000000070a800000, 0x000000070a800000| Untracked 
|  47|0x000000070aa00000, 0x000000070aa00000, 0x000000070ac00000|  0%| F|  |TAMS 0x000000070aa00000, 0x000000070aa00000| Untracked 
|  48|0x000000070ac00000, 0x000000070ac00000, 0x000000070ae00000|  0%| F|  |TAMS 0x000000070ac00000, 0x000000070ac00000| Untracked 
|  49|0x000000070ae00000, 0x000000070ae00000, 0x000000070b000000|  0%| F|  |TAMS 0x000000070ae00000, 0x000000070ae00000| Untracked 
|  50|0x000000070b000000, 0x000000070b000000, 0x000000070b200000|  0%| F|  |TAMS 0x000000070b000000, 0x000000070b000000| Untracked 
|  51|0x000000070b200000, 0x000000070b200000, 0x000000070b400000|  0%| F|  |TAMS 0x000000070b200000, 0x000000070b200000| Untracked 
|  52|0x000000070b400000, 0x000000070b400000, 0x000000070b600000|  0%| F|  |TAMS 0x000000070b400000, 0x000000070b400000| Untracked 
|  53|0x000000070b600000, 0x000000070b600000, 0x000000070b800000|  0%| F|  |TAMS 0x000000070b600000, 0x000000070b600000| Untracked 
|  54|0x000000070b800000, 0x000000070b800000, 0x000000070ba00000|  0%| F|  |TAMS 0x000000070b800000, 0x000000070b800000| Untracked 
|  55|0x000000070ba00000, 0x000000070ba00000, 0x000000070bc00000|  0%| F|  |TAMS 0x000000070ba00000, 0x000000070ba00000| Untracked 
|  56|0x000000070bc00000, 0x000000070bc00000, 0x000000070be00000|  0%| F|  |TAMS 0x000000070bc00000, 0x000000070bc00000| Untracked 
|  57|0x000000070be00000, 0x000000070be00000, 0x000000070c000000|  0%| F|  |TAMS 0x000000070be00000, 0x000000070be00000| Untracked 
|  58|0x000000070c000000, 0x000000070c000000, 0x000000070c200000|  0%| F|  |TAMS 0x000000070c000000, 0x000000070c000000| Untracked 
|  59|0x000000070c200000, 0x000000070c200000, 0x000000070c400000|  0%| F|  |TAMS 0x000000070c200000, 0x000000070c200000| Untracked 
|  60|0x000000070c400000, 0x000000070c400000, 0x000000070c600000|  0%| F|  |TAMS 0x000000070c400000, 0x000000070c400000| Untracked 
|  61|0x000000070c600000, 0x000000070c600000, 0x000000070c800000|  0%| F|  |TAMS 0x000000070c600000, 0x000000070c600000| Untracked 
|  62|0x000000070c800000, 0x000000070c800000, 0x000000070ca00000|  0%| F|  |TAMS 0x000000070c800000, 0x000000070c800000| Untracked 
|  63|0x000000070ca00000, 0x000000070ca00000, 0x000000070cc00000|  0%| F|  |TAMS 0x000000070ca00000, 0x000000070ca00000| Untracked 
|  64|0x000000070cc00000, 0x000000070cc00000, 0x000000070ce00000|  0%| F|  |TAMS 0x000000070cc00000, 0x000000070cc00000| Untracked 
|  65|0x000000070ce00000, 0x000000070ce00000, 0x000000070d000000|  0%| F|  |TAMS 0x000000070ce00000, 0x000000070ce00000| Untracked 
|  66|0x000000070d000000, 0x000000070d000000, 0x000000070d200000|  0%| F|  |TAMS 0x000000070d000000, 0x000000070d000000| Untracked 
|  67|0x000000070d200000, 0x000000070d200000, 0x000000070d400000|  0%| F|  |TAMS 0x000000070d200000, 0x000000070d200000| Untracked 
|  68|0x000000070d400000, 0x000000070d400000, 0x000000070d600000|  0%| F|  |TAMS 0x000000070d400000, 0x000000070d400000| Untracked 
|  69|0x000000070d600000, 0x000000070d600000, 0x000000070d800000|  0%| F|  |TAMS 0x000000070d600000, 0x000000070d600000| Untracked 
|  70|0x000000070d800000, 0x000000070d800000, 0x000000070da00000|  0%| F|  |TAMS 0x000000070d800000, 0x000000070d800000| Untracked 
|  71|0x000000070da00000, 0x000000070da00000, 0x000000070dc00000|  0%| F|  |TAMS 0x000000070da00000, 0x000000070da00000| Untracked 
|  72|0x000000070dc00000, 0x000000070dc00000, 0x000000070de00000|  0%| F|  |TAMS 0x000000070dc00000, 0x000000070dc00000| Untracked 
|  73|0x000000070de00000, 0x000000070de00000, 0x000000070e000000|  0%| F|  |TAMS 0x000000070de00000, 0x000000070de00000| Untracked 
|  74|0x000000070e000000, 0x000000070e000000, 0x000000070e200000|  0%| F|  |TAMS 0x000000070e000000, 0x000000070e000000| Untracked 
|  75|0x000000070e200000, 0x000000070e200000, 0x000000070e400000|  0%| F|  |TAMS 0x000000070e200000, 0x000000070e200000| Untracked 
|  76|0x000000070e400000, 0x000000070e400000, 0x000000070e600000|  0%| F|  |TAMS 0x000000070e400000, 0x000000070e400000| Untracked 
|  77|0x000000070e600000, 0x000000070e600000, 0x000000070e800000|  0%| F|  |TAMS 0x000000070e600000, 0x000000070e600000| Untracked 
|  78|0x000000070e800000, 0x000000070e800000, 0x000000070ea00000|  0%| F|  |TAMS 0x000000070e800000, 0x000000070e800000| Untracked 
|  79|0x000000070ea00000, 0x000000070ea00000, 0x000000070ec00000|  0%| F|  |TAMS 0x000000070ea00000, 0x000000070ea00000| Untracked 
|  80|0x000000070ec00000, 0x000000070ec00000, 0x000000070ee00000|  0%| F|  |TAMS 0x000000070ec00000, 0x000000070ec00000| Untracked 
|  81|0x000000070ee00000, 0x000000070ee00000, 0x000000070f000000|  0%| F|  |TAMS 0x000000070ee00000, 0x000000070ee00000| Untracked 
|  82|0x000000070f000000, 0x000000070f000000, 0x000000070f200000|  0%| F|  |TAMS 0x000000070f000000, 0x000000070f000000| Untracked 
|  83|0x000000070f200000, 0x000000070f200000, 0x000000070f400000|  0%| F|  |TAMS 0x000000070f200000, 0x000000070f200000| Untracked 
|  84|0x000000070f400000, 0x000000070f400000, 0x000000070f600000|  0%| F|  |TAMS 0x000000070f400000, 0x000000070f400000| Untracked 
|  85|0x000000070f600000, 0x000000070f600000, 0x000000070f800000|  0%| F|  |TAMS 0x000000070f600000, 0x000000070f600000| Untracked 
|  86|0x000000070f800000, 0x000000070f800000, 0x000000070fa00000|  0%| F|  |TAMS 0x000000070f800000, 0x000000070f800000| Untracked 
|  87|0x000000070fa00000, 0x000000070fa00000, 0x000000070fc00000|  0%| F|  |TAMS 0x000000070fa00000, 0x000000070fa00000| Untracked 
|  88|0x000000070fc00000, 0x000000070fc00000, 0x000000070fe00000|  0%| F|  |TAMS 0x000000070fc00000, 0x000000070fc00000| Untracked 
|  89|0x000000070fe00000, 0x000000070fe00000, 0x0000000710000000|  0%| F|  |TAMS 0x000000070fe00000, 0x000000070fe00000| Untracked 
|  90|0x0000000710000000, 0x0000000710000000, 0x0000000710200000|  0%| F|  |TAMS 0x0000000710000000, 0x0000000710000000| Untracked 
|  91|0x0000000710200000, 0x0000000710200000, 0x0000000710400000|  0%| F|  |TAMS 0x0000000710200000, 0x0000000710200000| Untracked 
|  92|0x0000000710400000, 0x0000000710400000, 0x0000000710600000|  0%| F|  |TAMS 0x0000000710400000, 0x0000000710400000| Untracked 
|  93|0x0000000710600000, 0x0000000710600000, 0x0000000710800000|  0%| F|  |TAMS 0x0000000710600000, 0x0000000710600000| Untracked 
|  94|0x0000000710800000, 0x0000000710800000, 0x0000000710a00000|  0%| F|  |TAMS 0x0000000710800000, 0x0000000710800000| Untracked 
|  95|0x0000000710a00000, 0x0000000710a00000, 0x0000000710c00000|  0%| F|  |TAMS 0x0000000710a00000, 0x0000000710a00000| Untracked 
|  96|0x0000000710c00000, 0x0000000710c00000, 0x0000000710e00000|  0%| F|  |TAMS 0x0000000710c00000, 0x0000000710c00000| Untracked 
|  97|0x0000000710e00000, 0x0000000710e00000, 0x0000000711000000|  0%| F|  |TAMS 0x0000000710e00000, 0x0000000710e00000| Untracked 
|  98|0x0000000711000000, 0x0000000711000000, 0x0000000711200000|  0%| F|  |TAMS 0x0000000711000000, 0x0000000711000000| Untracked 
|  99|0x0000000711200000, 0x0000000711200000, 0x0000000711400000|  0%| F|  |TAMS 0x0000000711200000, 0x0000000711200000| Untracked 
| 100|0x0000000711400000, 0x0000000711400000, 0x0000000711600000|  0%| F|  |TAMS 0x0000000711400000, 0x0000000711400000| Untracked 
| 101|0x0000000711600000, 0x0000000711600000, 0x0000000711800000|  0%| F|  |TAMS 0x0000000711600000, 0x0000000711600000| Untracked 
| 102|0x0000000711800000, 0x0000000711800000, 0x0000000711a00000|  0%| F|  |TAMS 0x0000000711800000, 0x0000000711800000| Untracked 
| 103|0x0000000711a00000, 0x0000000711a00000, 0x0000000711c00000|  0%| F|  |TAMS 0x0000000711a00000, 0x0000000711a00000| Untracked 
| 104|0x0000000711c00000, 0x0000000711c00000, 0x0000000711e00000|  0%| F|  |TAMS 0x0000000711c00000, 0x0000000711c00000| Untracked 
| 105|0x0000000711e00000, 0x0000000711e00000, 0x0000000712000000|  0%| F|  |TAMS 0x0000000711e00000, 0x0000000711e00000| Untracked 
| 106|0x0000000712000000, 0x0000000712000000, 0x0000000712200000|  0%| F|  |TAMS 0x0000000712000000, 0x0000000712000000| Untracked 
| 107|0x0000000712200000, 0x0000000712200000, 0x0000000712400000|  0%| F|  |TAMS 0x0000000712200000, 0x0000000712200000| Untracked 
| 108|0x0000000712400000, 0x0000000712400000, 0x0000000712600000|  0%| F|  |TAMS 0x0000000712400000, 0x0000000712400000| Untracked 
| 109|0x0000000712600000, 0x0000000712600000, 0x0000000712800000|  0%| F|  |TAMS 0x0000000712600000, 0x0000000712600000| Untracked 
| 110|0x0000000712800000, 0x0000000712800000, 0x0000000712a00000|  0%| F|  |TAMS 0x0000000712800000, 0x0000000712800000| Untracked 
| 111|0x0000000712a00000, 0x0000000712a00000, 0x0000000712c00000|  0%| F|  |TAMS 0x0000000712a00000, 0x0000000712a00000| Untracked 
| 112|0x0000000712c00000, 0x0000000712c00000, 0x0000000712e00000|  0%| F|  |TAMS 0x0000000712c00000, 0x0000000712c00000| Untracked 
| 113|0x0000000712e00000, 0x0000000712e00000, 0x0000000713000000|  0%| F|  |TAMS 0x0000000712e00000, 0x0000000712e00000| Untracked 
| 114|0x0000000713000000, 0x0000000713000000, 0x0000000713200000|  0%| F|  |TAMS 0x0000000713000000, 0x0000000713000000| Untracked 
| 115|0x0000000713200000, 0x0000000713200000, 0x0000000713400000|  0%| F|  |TAMS 0x0000000713200000, 0x0000000713200000| Untracked 
| 116|0x0000000713400000, 0x00000007134e29a0, 0x0000000713600000| 44%| E|  |TAMS 0x0000000713400000, 0x0000000713400000| Complete 
| 117|0x0000000713600000, 0x0000000713800000, 0x0000000713800000|100%| E|CS|TAMS 0x0000000713600000, 0x0000000713600000| Complete 
| 118|0x0000000713800000, 0x0000000713a00000, 0x0000000713a00000|100%| E|CS|TAMS 0x0000000713800000, 0x0000000713800000| Complete 
| 119|0x0000000713a00000, 0x0000000713c00000, 0x0000000713c00000|100%| E|CS|TAMS 0x0000000713a00000, 0x0000000713a00000| Complete 
| 120|0x0000000713c00000, 0x0000000713e00000, 0x0000000713e00000|100%| E|CS|TAMS 0x0000000713c00000, 0x0000000713c00000| Complete 
| 121|0x0000000713e00000, 0x0000000714000000, 0x0000000714000000|100%| E|CS|TAMS 0x0000000713e00000, 0x0000000713e00000| Complete 
| 122|0x0000000714000000, 0x0000000714200000, 0x0000000714200000|100%| E|CS|TAMS 0x0000000714000000, 0x0000000714000000| Complete 
| 123|0x0000000714200000, 0x0000000714400000, 0x0000000714400000|100%| E|CS|TAMS 0x0000000714200000, 0x0000000714200000| Complete 
| 124|0x0000000714400000, 0x0000000714600000, 0x0000000714600000|100%| E|CS|TAMS 0x0000000714400000, 0x0000000714400000| Complete 
| 125|0x0000000714600000, 0x0000000714800000, 0x0000000714800000|100%| E|CS|TAMS 0x0000000714600000, 0x0000000714600000| Complete 

Card table byte_map: [0x000002907aaa0000,0x000002907b280000] _byte_map_base: 0x000002907727a000

Marking Bits (Prev, Next): (CMBitMap*) 0x000002907f9e4fa0, (CMBitMap*) 0x000002907f9e4fe0
 Prev Bits: [0x000002907ba60000, 0x000002907f930000)
 Next Bits: [0x0000029000000000, 0x0000029003ed0000)

Polling page: 0x000002906e9e0000

Metaspace:

Usage:
  Non-class:      5.57 MB used.
      Class:    819.58 KB used.
       Both:      6.37 MB used.

Virtual space:
  Non-class space:        8.00 MB reserved,       5.62 MB ( 70%) committed,  1 nodes.
      Class space:        1.00 GB reserved,     896.00 KB ( <1%) committed,  1 nodes.
             Both:        1.01 GB reserved,       6.50 MB ( <1%) committed. 

Chunk freelists:
   Non-Class:  1.52 MB
       Class:  3.03 MB
        Both:  4.55 MB

MaxMetaspaceSize: unlimited
CompressedClassSpaceSize: 1.00 GB
Initial GC threshold: 21.00 MB
Current GC threshold: 21.00 MB
CDS: on
MetaspaceReclaimPolicy: balanced
 - commit_granule_bytes: 65536.
 - commit_granule_words: 8192.
 - virtual_space_node_default_size: 1048576.
 - enlarge_chunks_in_place: 1.
 - new_chunks_are_fully_committed: 0.
 - uncommit_free_chunks: 1.
 - use_allocation_guard: 0.
 - handle_deallocations: 1.


Internal statistics:

num_allocs_failed_limit: 0.
num_arena_births: 118.
num_arena_deaths: 0.
num_vsnodes_births: 2.
num_vsnodes_deaths: 0.
num_space_committed: 104.
num_space_uncommitted: 0.
num_chunks_returned_to_freelist: 0.
num_chunks_taken_from_freelist: 212.
num_chunk_merges: 0.
num_chunk_splits: 135.
num_chunks_enlarged: 90.
num_purges: 0.
num_inconsistent_stats: 0.

CodeCache: size=49152Kb used=4483Kb max_used=4483Kb free=44668Kb
 bounds [0x0000029076f90000, 0x0000029077400000, 0x0000029079f90000]
 total_blobs=1610 nmethods=1155 adapters=380
 compilation: enabled
              stopped_count=0, restarted_count=0
 full_count=0

Compilation events (20 events):
Event: 0.730 Thread 0x00000290065c1770 nmethod 1146 0x00000290773ecb90 code [0x00000290773ecd20, 0x00000290773ece08]
Event: 0.730 Thread 0x000002900669c930 nmethod 1144 0x00000290773ece90 code [0x00000290773ed060, 0x00000290773ed3b8]
Event: 0.730 Thread 0x00000290065c1770 1149       1       java.lang.ClassLoader::postDefineClass (39 bytes)
Event: 0.730 Thread 0x000002900669bb10 nmethod 1148 0x00000290773ed490 code [0x00000290773ed620, 0x00000290773ed6f8]
Event: 0.730 Thread 0x000002900669c930 1150       1       jdk.internal.loader.URLClassPath$JarLoader$2::getCodeSigners (8 bytes)
Event: 0.730 Thread 0x000002900669c930 nmethod 1150 0x00000290773ed790 code [0x00000290773ed920, 0x00000290773eda08]
Event: 0.730 Thread 0x000002900669c020 nmethod 1145 0x00000290773eda90 code [0x00000290773edd00, 0x00000290773ee948]
Event: 0.730 Thread 0x00000290065c1770 nmethod 1149 0x00000290773ef110 code [0x00000290773ef2e0, 0x00000290773ef478]
Event: 0.737 Thread 0x00000290065c1770 1151       1       java.security.SecureClassLoader$CodeSourceKey::equals (60 bytes)
Event: 0.738 Thread 0x00000290065c1770 nmethod 1151 0x00000290773ef610 code [0x00000290773ef7c0, 0x00000290773efa58]
Event: 0.739 Thread 0x00000290065c1770 1152       1       java.lang.ref.ReferenceQueue::<init> (21 bytes)
Event: 0.739 Thread 0x000002900669c020 1153       1       java.lang.ref.ReferenceQueue$Lock::<init> (5 bytes)
Event: 0.739 Thread 0x000002900669c020 nmethod 1153 0x00000290773efc10 code [0x00000290773efda0, 0x00000290773efe58]
Event: 0.739 Thread 0x00000290065c1770 nmethod 1152 0x00000290773eff10 code [0x00000290773f00a0, 0x00000290773f0218]
Event: 0.739 Thread 0x00000290065c1770 1154       1       java.lang.invoke.DirectMethodHandle::preparedLambdaForm (31 bytes)
Event: 0.739 Thread 0x00000290065c1770 nmethod 1154 0x00000290773f0290 code [0x00000290773f0440, 0x00000290773f0678]
Event: 0.741 Thread 0x00000290065c1770 1155       1       java.util.concurrent.atomic.AtomicInteger::get (5 bytes)
Event: 0.742 Thread 0x00000290065c1770 nmethod 1155 0x00000290773f0810 code [0x00000290773f09a0, 0x00000290773f0a78]
Event: 0.745 Thread 0x00000290065c1770 1156       1       java.util.concurrent.CopyOnWriteArrayList::getArray (5 bytes)
Event: 0.745 Thread 0x00000290065c1770 nmethod 1156 0x00000290773f0b10 code [0x00000290773f0ca0, 0x00000290773f0d78]

GC Heap History (0 events):
No events

Deoptimization events (0 events):
No events

Classes unloaded (0 events):
No events

Classes redefined (0 events):
No events

Internal exceptions (17 events):
Event: 0.223 Thread 0x0000029006900e80 Exception <a 'java/lang/NoSuchMethodError'{0x00000007140770b8}: 'java.lang.Object java.lang.invoke.DirectMethodHandle$Holder.invokeStaticInit(java.lang.Object)'> (0x00000007140770b8) 
thrown [s\open\src\hotspot\share\interpreter\linkResolver.cpp, line 759]
Event: 0.234 Thread 0x0000029006900e80 Exception <a 'java/lang/NoSuchMethodError'{0x0000000714084ba0}: 'void java.lang.invoke.DirectMethodHandle$Holder.invokeStatic(java.lang.Object, java.lang.Object)'> (0x0000000714084ba0) 
thrown [s\open\src\hotspot\share\interpreter\linkResolver.cpp, line 759]
Event: 0.282 Thread 0x000002906f798860 Exception <a 'java/lang/NoSuchMethodError'{0x00000007140e8f00}: 'int java.lang.invoke.DirectMethodHandle$Holder.invokeInterface(java.lang.Object, java.lang.Object)'> (0x00000007140e8f00) 
thrown [s\open\src\hotspot\share\interpreter\linkResolver.cpp, line 759]
Event: 0.282 Thread 0x000002906f798860 Exception <a 'java/lang/IncompatibleClassChangeError'{0x00000007140ec500}: Found class java.lang.Object, but interface was expected> (0x00000007140ec500) 
thrown [s\open\src\hotspot\share\interpreter\linkResolver.cpp, line 826]
Event: 0.327 Thread 0x000002906f798860 Exception <a 'java/lang/NoSuchMethodError'{0x00000007141b7d10}: 'int java.lang.invoke.DirectMethodHandle$Holder.invokeSpecial(java.lang.Object, java.lang.Object, java.lang.Object)'> (0x00000007141b7d10) 
thrown [s\open\src\hotspot\share\interpreter\linkResolver.cpp, line 759]
Event: 0.374 Thread 0x000002906f798860 Exception <a 'java/lang/NoSuchMethodError'{0x0000000713eb31c0}: 'void java.lang.invoke.DirectMethodHandle$Holder.invokeStatic(java.lang.Object, java.lang.Object, java.lang.Object)'> (0x0000000713eb31c0) 
thrown [s\open\src\hotspot\share\interpreter\linkResolver.cpp, line 759]
Event: 0.385 Thread 0x000002906f798860 Exception <a 'java/lang/NoSuchMethodError'{0x0000000713eefe38}: 'int java.lang.invoke.DirectMethodHandle$Holder.invokeSpecialIFC(java.lang.Object, java.lang.Object, java.lang.Object)'> (0x0000000713eefe38) 
thrown [s\open\src\hotspot\share\interpreter\linkResolver.cpp, line 759]
Event: 0.412 Thread 0x000002906f798860 Exception <a 'java/lang/NoSuchMethodError'{0x0000000713f67118}: 'java.lang.Object java.lang.invoke.DirectMethodHandle$Holder.invokeStaticInit(java.lang.Object, int, int, int, int)'> (0x0000000713f67118) 
thrown [s\open\src\hotspot\share\interpreter\linkResolver.cpp, line 759]
Event: 0.485 Thread 0x000002906f798860 Exception <a 'java/lang/NoSuchMethodError'{0x0000000713ff5c98}: 'java.lang.Object java.lang.invoke.DirectMethodHandle$Holder.invokeStaticInit(java.lang.Object, java.lang.Object, int, int, int, int)'> (0x0000000713ff5c98) 
thrown [s\open\src\hotspot\share\interpreter\linkResolver.cpp, line 759]
Event: 0.507 Thread 0x000002906f798860 Exception <a 'java/lang/ClassNotFoundException'{0x0000000713c14690}: javax/management/remote/rmi/RMIServerImpl_Skel> (0x0000000713c14690) 
thrown [s\open\src\hotspot\share\classfile\systemDictionary.cpp, line 256]
Event: 0.599 Thread 0x000002906f798860 Exception <a 'java/lang/NoSuchMethodError'{0x0000000713b0e650}: 'java.lang.Object java.lang.invoke.DirectMethodHandle$Holder.invokeSpecial(java.lang.Object, java.lang.Object, java.lang.Object, long, java.lang.Object)'> (0x0000000713b0e650) 
thrown [s\open\src\hotspot\share\interpreter\linkResolver.cpp, line 759]
Event: 0.599 Thread 0x000002906f798860 Exception <a 'java/lang/NoSuchMethodError'{0x0000000713b12220}: 'java.lang.Object java.lang.invoke.Invokers$Holder.linkToTargetMethod(java.lang.Object, long, java.lang.Object, java.lang.Object)'> (0x0000000713b12220) 
thrown [s\open\src\hotspot\share\interpreter\linkResolver.cpp, line 759]
Event: 0.613 Thread 0x000002906f798860 Exception <a 'java/lang/ClassNotFoundException'{0x0000000713b3ca60}: javax/smartcardio/CardPermission> (0x0000000713b3ca60) 
thrown [s\open\src\hotspot\share\classfile\systemDictionary.cpp, line 256]
Event: 0.616 Thread 0x000002906f798860 Exception <a 'java/io/FileNotFoundException'{0x0000000713b4b0b8}> (0x0000000713b4b0b8) 
thrown [s\open\src\hotspot\share\prims\jni.cpp, line 516]
Event: 0.674 Thread 0x000002906f798860 Exception <a 'java/lang/NoSuchMethodError'{0x000000071396c318}: 'void java.lang.invoke.DirectMethodHandle$Holder.invokeStatic(java.lang.Object, java.lang.Object, java.lang.Object, java.lang.Object)'> (0x000000071396c318) 
thrown [s\open\src\hotspot\share\interpreter\linkResolver.cpp, line 759]
Event: 0.705 Thread 0x000002906f798860 Exception <a 'java/lang/NoSuchMethodError'{0x000000071369a590}: 'int java.lang.invoke.DirectMethodHandle$Holder.invokeStaticInit(java.lang.Object, java.lang.Object)'> (0x000000071369a590) 
thrown [s\open\src\hotspot\share\interpreter\linkResolver.cpp, line 759]
Event: 0.707 Thread 0x000002906f798860 Exception <a 'java/lang/NoSuchMethodError'{0x00000007136b46d0}: 'void java.lang.invoke.DirectMethodHandle$Holder.invokeInterface(java.lang.Object, java.lang.Object, java.lang.Object, java.lang.Object)'> (0x00000007136b46d0) 
thrown [s\open\src\hotspot\share\interpreter\linkResolver.cpp, line 759]

VM Operations (8 events):
Event: 0.222 Executing VM operation: HandshakeAllThreads
Event: 0.222 Executing VM operation: HandshakeAllThreads done
Event: 0.400 Executing VM operation: HandshakeAllThreads
Event: 0.400 Executing VM operation: HandshakeAllThreads done
Event: 0.506 Executing VM operation: HandshakeAllThreads
Event: 0.506 Executing VM operation: HandshakeAllThreads done
Event: 0.571 Executing VM operation: HandshakeAllThreads
Event: 0.571 Executing VM operation: HandshakeAllThreads done

Events (20 events):
Event: 0.728 loading class java/util/concurrent/CountDownLatch
Event: 0.728 loading class java/util/concurrent/CountDownLatch done
Event: 0.728 loading class java/util/concurrent/CountDownLatch$Sync
Event: 0.728 loading class java/util/concurrent/CountDownLatch$Sync done
Event: 0.738 loading class java/lang/TypeNotPresentException
Event: 0.738 loading class java/lang/TypeNotPresentException done
Event: 0.740 loading class java/lang/reflect/WildcardType
Event: 0.740 loading class java/lang/reflect/WildcardType done
Event: 0.748 loading class java/lang/StackStreamFactory
Event: 0.748 loading class java/lang/StackStreamFactory done
Event: 0.748 loading class java/lang/StackWalker$ExtendedOption
Event: 0.748 loading class java/lang/StackWalker$ExtendedOption done
Event: 0.748 loading class java/lang/StackStreamFactory$StackFrameTraverser
Event: 0.748 loading class java/lang/StackStreamFactory$StackFrameTraverser done
Event: 0.748 loading class java/lang/StackStreamFactory$WalkerState
Event: 0.749 loading class java/lang/StackStreamFactory$WalkerState done
Event: 0.749 loading class java/lang/StackStreamFactory$1
Event: 0.749 loading class java/lang/StackStreamFactory$1 done
Event: 0.749 loading class java/lang/StackStreamFactory$StackFrameTraverser$StackFrameBuffer
Event: 0.749 loading class java/lang/StackStreamFactory$FrameBuffer


Dynamic libraries:
0x00007ff649fd0000 - 0x00007ff649fe0000 	C:\Program Files\Java\jdk-17\bin\java.exe
0x00007ffeb4930000 - 0x00007ffeb4b28000 	C:\Windows\SYSTEM32\ntdll.dll
0x00007ffeb46a0000 - 0x00007ffeb475f000 	C:\Windows\System32\KERNEL32.DLL
0x00007ffeb22b0000 - 0x00007ffeb25a6000 	C:\Windows\System32\KERNELBASE.dll
0x00007ffeb2060000 - 0x00007ffeb2160000 	C:\Windows\System32\ucrtbase.dll
0x00007ffe8ce10000 - 0x00007ffe8ce29000 	C:\Program Files\Java\jdk-17\bin\jli.dll
0x00007ffeb3b40000 - 0x00007ffeb3bef000 	C:\Windows\System32\ADVAPI32.dll
0x00007ffeb2990000 - 0x00007ffeb2a2e000 	C:\Windows\System32\msvcrt.dll
0x00007ffeb3020000 - 0x00007ffeb30bc000 	C:\Windows\System32\sechost.dll
0x00007ffeb35a0000 - 0x00007ffeb36c6000 	C:\Windows\System32\RPCRT4.dll
0x00007ffeb2c00000 - 0x00007ffeb2d9d000 	C:\Windows\System32\USER32.dll
0x00007ffeb2160000 - 0x00007ffeb2182000 	C:\Windows\System32\win32u.dll
0x00007ffeb2b40000 - 0x00007ffeb2b6c000 	C:\Windows\System32\GDI32.dll
0x00007ffeb2190000 - 0x00007ffeb22a5000 	C:\Windows\System32\gdi32full.dll
0x00007ffeb2620000 - 0x00007ffeb26bd000 	C:\Windows\System32\msvcp_win.dll
0x00007ffe84730000 - 0x00007ffe8474b000 	C:\Program Files\Java\jdk-17\bin\VCRUNTIME140.dll
0x00007ffe9b7f0000 - 0x00007ffe9ba8a000 	C:\Windows\WinSxS\amd64_microsoft.windows.common-controls_6595b64144ccf1df_6.0.19041.1110_none_60b5254171f9507e\COMCTL32.dll
0x00007ffeb0c60000 - 0x00007ffeb0c6a000 	C:\Windows\SYSTEM32\VERSION.dll
0x00007ffeb4670000 - 0x00007ffeb46a0000 	C:\Windows\System32\IMM32.DLL
0x000000006df90000 - 0x000000006e23f000 	C:\Program Files (x86)\Privacy-i\PIProtectorAPI64.dll
0x00007ffeb36d0000 - 0x00007ffeb3b3e000 	C:\Windows\System32\SETUPAPI.dll
0x00007ffeb2010000 - 0x00007ffeb205e000 	C:\Windows\System32\cfgmgr32.dll
0x00007ffeb2800000 - 0x00007ffeb2827000 	C:\Windows\System32\bcrypt.dll
0x00007ffeb3bf0000 - 0x00007ffeb4334000 	C:\Windows\System32\SHELL32.dll
0x00007ffeb47c0000 - 0x00007ffeb48ea000 	C:\Windows\System32\ole32.dll
0x00007ffeb3240000 - 0x00007ffeb3594000 	C:\Windows\System32\combase.dll
0x00007ffeb43f0000 - 0x00007ffeb44bd000 	C:\Windows\System32\OLEAUT32.dll
0x00007ffeb2db0000 - 0x00007ffeb2e1b000 	C:\Windows\System32\WS2_32.dll
0x00007ffeb31d0000 - 0x00007ffeb3225000 	C:\Windows\System32\SHLWAPI.dll
0x00007ffea1b80000 - 0x00007ffea1d6c000 	C:\Windows\SYSTEM32\urlmon.dll
0x00007ffe9b290000 - 0x00007ffe9b32d000 	C:\Windows\SYSTEM32\WINSPOOL.DRV
0x00007ffeb3120000 - 0x00007ffeb31cd000 	C:\Windows\System32\shcore.dll
0x00007ffe9b0e0000 - 0x00007ffe9b285000 	C:\Windows\WinSxS\amd64_microsoft.windows.gdiplus_6595b64144ccf1df_1.1.19041.2251_none_91a40448cc8846c1\gdiplus.dll
0x00007ffeaac00000 - 0x00007ffeaac66000 	C:\Windows\SYSTEM32\OLEACC.dll
0x00007ffea1eb0000 - 0x00007ffea2161000 	C:\Windows\SYSTEM32\iertutil.dll
0x00007ffeb09a0000 - 0x00007ffeb09c9000 	C:\Windows\SYSTEM32\srvcli.dll
0x00007ffeb1560000 - 0x00007ffeb156c000 	C:\Windows\SYSTEM32\netutils.dll
0x00007ffeb1180000 - 0x00007ffeb11b3000 	C:\Windows\SYSTEM32\ntmarta.dll
0x00007ffeafb20000 - 0x00007ffeb02b4000 	C:\Windows\SYSTEM32\windows.storage.dll
0x00007ffeb1a50000 - 0x00007ffeb1a7e000 	C:\Windows\SYSTEM32\Wldp.dll
0x00007ffeb1f40000 - 0x00007ffeb1f65000 	C:\Windows\SYSTEM32\profapi.dll
0x00007ffea3980000 - 0x00007ffea398c000 	C:\Program Files\Java\jdk-17\bin\vcruntime140_1.dll
0x00007ffe7fc60000 - 0x00007ffe7fcee000 	C:\Program Files\Java\jdk-17\bin\msvcp140.dll
0x00007ffe122a0000 - 0x00007ffe12e7d000 	C:\Program Files\Java\jdk-17\bin\server\jvm.dll
0x00007ffeb2a30000 - 0x00007ffeb2a38000 	C:\Windows\System32\PSAPI.DLL
0x00007ffe99800000 - 0x00007ffe99809000 	C:\Windows\SYSTEM32\WSOCK32.dll
0x00007ffea9590000 - 0x00007ffea95b7000 	C:\Windows\SYSTEM32\WINMM.dll
0x00007ffeb0bc0000 - 0x00007ffeb0bd2000 	C:\Windows\SYSTEM32\kernel.appcore.dll
0x00007ffea15d0000 - 0x00007ffea15da000 	C:\Program Files\Java\jdk-17\bin\jimage.dll
0x00007ffea6400000 - 0x00007ffea65e4000 	C:\Windows\SYSTEM32\DBGHELP.DLL
0x00007ffe996a0000 - 0x00007ffe996d4000 	C:\Windows\SYSTEM32\dbgcore.DLL
0x000002906ee50000 - 0x000002906eed2000 	C:\Windows\System32\bcryptPrimitives.dll
0x00007ffea14d0000 - 0x00007ffea14de000 	C:\Program Files\Java\jdk-17\bin\instrument.dll
0x00007ffe84700000 - 0x00007ffe84725000 	C:\Program Files\Java\jdk-17\bin\java.dll
0x00007ffe7fb80000 - 0x00007ffe7fc57000 	C:\Program Files\Java\jdk-17\bin\jsvml.dll
0x00007ffe846e0000 - 0x00007ffe846f8000 	C:\Program Files\Java\jdk-17\bin\zip.dll
0x00007ffe846c0000 - 0x00007ffe846d9000 	C:\Program Files\Java\jdk-17\bin\net.dll
0x00007ffeb0fe0000 - 0x00007ffeb10ea000 	C:\Windows\SYSTEM32\WINHTTP.dll
0x00007ffeb17b0000 - 0x00007ffeb181a000 	C:\Windows\system32\mswsock.dll
0x00007ffe803c0000 - 0x00007ffe803d6000 	C:\Program Files\Java\jdk-17\bin\nio.dll
0x00007ffe7fb60000 - 0x00007ffe7fb7a000 	C:\Users\Administrator\AppData\Local\JetBrains\Toolbox\apps\IDEA-U\ch-0\231.9161.38\bin\breakgen64.dll
0x00007ffeb1490000 - 0x00007ffeb155a000 	C:\Windows\SYSTEM32\DNSAPI.dll
0x00007ffeb1450000 - 0x00007ffeb148c000 	C:\Windows\SYSTEM32\IPHLPAPI.DLL
0x00007ffeb3230000 - 0x00007ffeb3238000 	C:\Windows\System32\NSI.dll
0x00007ffea65f0000 - 0x00007ffea65fa000 	C:\Windows\System32\rasadhlp.dll
0x00007ffeaa950000 - 0x00007ffeaa9d2000 	C:\Windows\System32\fwpuclnt.dll
0x00007ffea11c0000 - 0x00007ffea11ca000 	C:\Program Files\Java\jdk-17\bin\management.dll
0x00007ffe9a690000 - 0x00007ffe9a69b000 	C:\Program Files\Java\jdk-17\bin\management_ext.dll
0x00007ffeb19a0000 - 0x00007ffeb19b8000 	C:\Windows\SYSTEM32\CRYPTSP.dll
0x00007ffeb0f50000 - 0x00007ffeb0f84000 	C:\Windows\system32\rsaenh.dll
0x00007ffeb1ec0000 - 0x00007ffeb1eee000 	C:\Windows\SYSTEM32\USERENV.dll
0x00007ffeb19c0000 - 0x00007ffeb19cc000 	C:\Windows\SYSTEM32\CRYPTBASE.dll
0x00007ffea9530000 - 0x00007ffea9547000 	C:\Windows\SYSTEM32\dhcpcsvc6.DLL
0x00007ffea9ae0000 - 0x00007ffea9afd000 	C:\Windows\SYSTEM32\dhcpcsvc.DLL
0x00007ffe903f0000 - 0x00007ffe90407000 	C:\Windows\system32\napinsp.dll
0x00007ffe90410000 - 0x00007ffe9042b000 	C:\Windows\system32\pnrpnsp.dll
0x00007ffeac770000 - 0x00007ffeac785000 	C:\Windows\system32\wshbth.dll
0x00007ffead130000 - 0x00007ffead14d000 	C:\Windows\system32\NLAapi.dll
0x00007ffe90290000 - 0x00007ffe902a2000 	C:\Windows\System32\winrnr.dll

dbghelp: loaded successfully - version: 4.0.5 - missing functions: none
symbol engine: initialized successfully - sym options: 0x614 - pdb path: .;C:\Program Files\Java\jdk-17\bin;C:\Windows\SYSTEM32;C:\Windows\WinSxS\amd64_microsoft.windows.common-controls_6595b64144ccf1df_6.0.19041.1110_none_60b5254171f9507e;C:\Program Files (x86)\Privacy-i;C:\Windows\WinSxS\amd64_microsoft.windows.gdiplus_6595b64144ccf1df_1.1.19041.2251_none_91a40448cc8846c1;C:\Program Files\Java\jdk-17\bin\server;C:\Users\Administrator\AppData\Local\JetBrains\Toolbox\apps\IDEA-U\ch-0\231.9161.38\bin

VM Arguments:
jvm_args: -XX:TieredStopAtLevel=1 -Dspring.output.ansi.enabled=always -Dcom.sun.management.jmxremote -Dspring.jmx.enabled=true -Dspring.liveBeansView.mbeanDomain -Dspring.application.admin.enabled=true -Dmanagement.endpoints.jmx.exposure.include=* -javaagent:C:\Users\Administrator\AppData\Local\JetBrains\Toolbox\apps\IDEA-U\ch-0\231.9161.38\lib\idea_rt.jar=60667:C:\Users\Administrator\AppData\Local\JetBrains\Toolbox\apps\IDEA-U\ch-0\231.9161.38\bin -Dfile.encoding=UTF-8 
java_command: com.example.demo.DemoApplication
java_class_path (initial): C:\Users\Administrator\workspace\springboot-exercise\monitoring\prometheus_grafana\build\classes\java\main;C:\Users\Administrator\workspace\springboot-exercise\monitoring\prometheus_grafana\build\resources\main;C:\Users\Administrator\.gradle\caches\modules-2\files-2.1\org.projectlombok\lombok\1.18.28\a2ff5da8bcd8b1b26f36b806ced63213362c6dcc\lombok-1.18.28.jar;C:\Users\Administrator\.gradle\caches\modules-2\files-2.1\org.springframework.boot\spring-boot-starter-web\3.1.3\d4326db157b4cf73647ae69b588de0dc65cb702\spring-boot-starter-web-3.1.3.jar;C:\Users\Administrator\.gradle\caches\modules-2\files-2.1\org.springframework.boot\spring-boot-starter-json\3.1.3\853a7b3152846d685e38c34ad8e14f221228c846\spring-boot-starter-json-3.1.3.jar;C:\Users\Administrator\.gradle\caches\modules-2\files-2.1\org.springframework.boot\spring-boot-starter\3.1.3\c59f038f005cf8fb3338b7b9e50e9a65bac1ebca\spring-boot-starter-3.1.3.jar;C:\Users\Administrator\.gradle\caches\modules-2\files-2.1\org.springframework.boot\spring-boot-starter-tomcat\3.1.3\af588c29407cd056296be081c281b3e196c4860a\spring-boot-starter-tomcat-3.1.3.jar;C:\Users\Administrator\.gradle\caches\modules-2\files-2.1\org.springframework\spring-webmvc\6.0.11\892b4a63b5d930c2c43058c6db0c2c65401fb078\spring-webmvc-6.0.11.jar;C:\Users\Administrator\.gradle\caches\modules-2\files-2.1\org.springframework\spring-web\6.0.11\c32a7bf6b88b83bac6aa63866fcf208892640446\spring-web-6.0.11.jar;C:\Users\Administrator\.gradle\caches\modules-2\files-2.1\com.fasterxml.jackson.datatype\jackson-datatype-jsr310\2.15.2\30d16ec2aef6d8094c5e2dce1d95034ca8b6cb42\jackson-datatype-jsr310-2.15.2.jar;C:\Users\Administrator\.gradle\caches\modules-2\files-2.1\com.fasterxml.jackson.module\jackson-module-parameter-names\2.15.2\75f8d2788db20f6c587c7a19e94fb6248c314241\jackson-module-parameter-names-2.15.2.jar;C:\Users\Administrator\.gradle\caches\modules-2\files-2.1\com.fasterxml.jackson.datatype\jackson-datatype-jdk8\2.15.2\66a50e089cfd
Launcher Type: SUN_STANDARD

[Global flags]
     intx CICompilerCount                          = 4                                         {product} {ergonomic}
     uint ConcGCThreads                            = 3                                         {product} {ergonomic}
     uint G1ConcRefinementThreads                  = 10                                        {product} {ergonomic}
   size_t G1HeapRegionSize                         = 2097152                                   {product} {ergonomic}
    uintx GCDrainStackTargetSize                   = 64                                        {product} {ergonomic}
   size_t InitialHeapSize                          = 264241152                                 {product} {ergonomic}
     bool ManagementServer                         = true                                      {product} {command line}
   size_t MarkStackSize                            = 4194304                                   {product} {ergonomic}
   size_t MaxHeapSize                              = 4215275520                                {product} {ergonomic}
   size_t MaxNewSize                               = 2529165312                                {product} {ergonomic}
   size_t MinHeapDeltaBytes                        = 2097152                                   {product} {ergonomic}
   size_t MinHeapSize                              = 8388608                                   {product} {ergonomic}
    uintx NonProfiledCodeHeapSize                  = 0                                      {pd product} {ergonomic}
     bool ProfileInterpreter                       = false                                  {pd product} {command line}
    uintx ProfiledCodeHeapSize                     = 0                                      {pd product} {ergonomic}
   size_t SoftMaxHeapSize                          = 4215275520                             {manageable} {ergonomic}
     intx TieredStopAtLevel                        = 1                                         {product} {command line}
     bool UseCompressedClassPointers               = true                           {product lp64_product} {ergonomic}
     bool UseCompressedOops                        = true                           {product lp64_product} {ergonomic}
     bool UseG1GC                                  = true                                      {product} {ergonomic}
     bool UseLargePagesIndividualAllocation        = false                                  {pd product} {ergonomic}

Logging:
Log output configuration:
 #0: stdout all=warning uptime,level,tags
 #1: stderr all=off uptime,level,tags

Environment Variables:
JAVA_HOME=C:\Program Files\Java\jdk-17
PATH=C:\Program Files\Common Files\Oracle\Java\javapath;C:\Windows\Softcamp\SDK;C:\Windows\Softcamp\SDS\x64;C:\Windows\Softcamp\SDS;C:\Windows\system32;C:\Windows;C:\Windows\System32\Wbem;C:\Windows\System32\WindowsPowerShell\v1.0\;C:\Windows\System32\OpenSSH\;C:\Program Files\dotnet\;"%JAVA_HOME%\bin;";C:\Program Files\Git\cmd;C:\MinGW\bin;C:\Users\Administrator\AppData\Local\Programs\Python\Python311\Scripts\;C:\Users\Administrator\AppData\Local\Programs\Python\Python311\;C:\Users\Administrator\AppData\Local\Microsoft\WindowsApps;C:\Users\Administrator\AppData\Local\JetBrains\Toolbox\scripts;D:\Download\Microsoft VS Code\bin
USERNAME=1186374
OS=Windows_NT
PROCESSOR_IDENTIFIER=Intel64 Family 6 Model 186 Stepping 3, GenuineIntel



---------------  S Y S T E M  ---------------

OS:
 Windows 10 , 64 bit Build 19041 (10.0.19041.3155)
OS uptime: 0 days 1:15 hours

CPU: total 12 (initial active 12) (12 cores per cpu, 1 threads per core) family 6 model 186 stepping 3 microcode 0x410e, cx8, cmov, fxsr, mmx, 3dnowpref, sse, sse2, sse3, ssse3, sse4.1, sse4.2, popcnt, lzcnt, tsc, tscinvbit, avx, avx2, aes, erms, clmul, bmi1, bmi2, adx, sha, fma, vzeroupper, clflush, clflushopt, clwb

Memory: 4k page, system-wide physical 16075M (2018M free)
TotalPageFile size 16075M (AvailPageFile size 16M)
current process WorkingSet (physical memory assigned to process): 68M, peak: 68M
current process commit charge ("private bytes"): 355M, peak: 355M

vm_info: Java HotSpot(TM) 64-Bit Server VM (17.0.7+8-LTS-224) for windows-amd64 JRE (17.0.7+8-LTS-224), built on Feb 28 2023 23:03:02 by "mach5one" with MS VC++ 17.1 (VS2022)

END.
